This is pdfTeX, Version 3.14159265-2.6-1.40.20 (TeX Live 2019/Debian) (preloaded format=pdflatex 2020.10.1)  29 NOV 2021 11:39
entering extended mode
 restricted \write18 enabled.
 %&-line parsing enabled.
**thesis.tex
(./thesis.tex
LaTeX2e <2020-02-02> patch level 2
L3 programming layer <2020-02-14>
(/usr/share/texlive/texmf-dist/tex/latex/base/article.cls
Document Class: article 2019/12/20 v1.4l Standard LaTeX document class
(/usr/share/texlive/texmf-dist/tex/latex/base/size12.clo
File: size12.clo 2019/12/20 v1.4l Standard LaTeX file (size option)
)
\c@part=\count167
\c@section=\count168
\c@subsection=\count169
\c@subsubsection=\count170
\c@paragraph=\count171
\c@subparagraph=\count172
\c@figure=\count173
\c@table=\count174
\abovecaptionskip=\skip47
\belowcaptionskip=\skip48
\bibindent=\dimen134
)
(/usr/share/texlive/texmf-dist/tex/generic/babel/babel.sty
Package: babel 2020/02/14 3.40 The Babel package

(/usr/share/texlive/texmf-dist/tex/generic/babel/switch.def
File: switch.def 2020/02/14 3.40 Babel switching mechanism
)
(/usr/share/texlive/texmf-dist/tex/generic/babel-english/english.ldf
Language: english 2017/06/06 v3.3r English support from the babel system

(/usr/share/texlive/texmf-dist/tex/generic/babel/babel.def
File: babel.def 2020/02/14 3.40 Babel common definitions
\babel@savecnt=\count175
\U@D=\dimen135

(/usr/share/texlive/texmf-dist/tex/generic/babel/txtbabel.def)
\bbl@readstream=\read2
\bbl@dirlevel=\count176
)
Package babel Info: \l@canadian = using hyphenrules for english
(babel)             (\language0) on input line 102.
Package babel Info: \l@australian = using hyphenrules for ukenglish
(babel)             (\language8) on input line 105.
Package babel Info: \l@newzealand = using hyphenrules for ukenglish
(babel)             (\language8) on input line 108.
))
(/usr/share/texlive/texmf-dist/tex/latex/base/inputenc.sty
Package: inputenc 2018/08/11 v1.3c Input encoding file
\inpenc@prehook=\toks14
\inpenc@posthook=\toks15
)
(/usr/share/texlive/texmf-dist/tex/latex/amsmath/amsmath.sty
Package: amsmath 2020/01/20 v2.17e AMS math features
\@mathmargin=\skip49

For additional information on amsmath, use the `?' option.
(/usr/share/texlive/texmf-dist/tex/latex/amsmath/amstext.sty
Package: amstext 2000/06/29 v2.01 AMS text

(/usr/share/texlive/texmf-dist/tex/latex/amsmath/amsgen.sty
File: amsgen.sty 1999/11/30 v2.0 generic functions
\@emptytoks=\toks16
\ex@=\dimen136
))
(/usr/share/texlive/texmf-dist/tex/latex/amsmath/amsbsy.sty
Package: amsbsy 1999/11/29 v1.2d Bold Symbols
\pmbraise@=\dimen137
)
(/usr/share/texlive/texmf-dist/tex/latex/amsmath/amsopn.sty
Package: amsopn 2016/03/08 v2.02 operator names
)
\inf@bad=\count177
LaTeX Info: Redefining \frac on input line 227.
\uproot@=\count178
\leftroot@=\count179
LaTeX Info: Redefining \overline on input line 389.
\classnum@=\count180
\DOTSCASE@=\count181
LaTeX Info: Redefining \ldots on input line 486.
LaTeX Info: Redefining \dots on input line 489.
LaTeX Info: Redefining \cdots on input line 610.
\Mathstrutbox@=\box45
\strutbox@=\box46
\big@size=\dimen138
LaTeX Font Info:    Redeclaring font encoding OML on input line 733.
LaTeX Font Info:    Redeclaring font encoding OMS on input line 734.
\macc@depth=\count182
\c@MaxMatrixCols=\count183
\dotsspace@=\muskip16
\c@parentequation=\count184
\dspbrk@lvl=\count185
\tag@help=\toks17
\row@=\count186
\column@=\count187
\maxfields@=\count188
\andhelp@=\toks18
\eqnshift@=\dimen139
\alignsep@=\dimen140
\tagshift@=\dimen141
\tagwidth@=\dimen142
\totwidth@=\dimen143
\lineht@=\dimen144
\@envbody=\toks19
\multlinegap=\skip50
\multlinetaggap=\skip51
\mathdisplay@stack=\toks20
LaTeX Info: Redefining \[ on input line 2859.
LaTeX Info: Redefining \] on input line 2860.
)
(/usr/share/texlive/texmf-dist/tex/latex/amsfonts/amssymb.sty
Package: amssymb 2013/01/14 v3.01 AMS font symbols

(/usr/share/texlive/texmf-dist/tex/latex/amsfonts/amsfonts.sty
Package: amsfonts 2013/01/14 v3.01 Basic AMSFonts support
\symAMSa=\mathgroup4
\symAMSb=\mathgroup5
LaTeX Font Info:    Redeclaring math symbol \hbar on input line 98.
LaTeX Font Info:    Overwriting math alphabet `\mathfrak' in version `bold'
(Font)                  U/euf/m/n --> U/euf/b/n on input line 106.
))
(/usr/share/texlive/texmf-dist/tex/latex/amscls/amsthm.sty
Package: amsthm 2017/10/31 v2.20.4
\thm@style=\toks21
\thm@bodyfont=\toks22
\thm@headfont=\toks23
\thm@notefont=\toks24
\thm@headpunct=\toks25
\thm@preskip=\skip52
\thm@postskip=\skip53
\thm@headsep=\skip54
\dth@everypar=\toks26
)
(/usr/share/texlive/texmf-dist/tex/latex/hyperref/hyperref.sty
Package: hyperref 2020/01/14 v7.00d Hypertext links for LaTeX

(/usr/share/texlive/texmf-dist/tex/generic/ltxcmds/ltxcmds.sty
Package: ltxcmds 2019/12/15 v1.24 LaTeX kernel commands for general use (HO)
)
(/usr/share/texlive/texmf-dist/tex/generic/iftex/iftex.sty
Package: iftex 2019/11/07 v1.0c TeX engine tests
)
(/usr/share/texlive/texmf-dist/tex/latex/pdftexcmds/pdftexcmds.sty
Package: pdftexcmds 2019/11/24 v0.31 Utility functions of pdfTeX for LuaTeX (HO
)

(/usr/share/texlive/texmf-dist/tex/generic/infwarerr/infwarerr.sty
Package: infwarerr 2019/12/03 v1.5 Providing info/warning/error messages (HO)
)
Package pdftexcmds Info: \pdf@primitive is available.
Package pdftexcmds Info: \pdf@ifprimitive is available.
Package pdftexcmds Info: \pdfdraftmode found.
)
(/usr/share/texlive/texmf-dist/tex/latex/graphics/keyval.sty
Package: keyval 2014/10/28 v1.15 key=value parser (DPC)
\KV@toks@=\toks27
)
(/usr/share/texlive/texmf-dist/tex/generic/kvsetkeys/kvsetkeys.sty
Package: kvsetkeys 2019/12/15 v1.18 Key value parser (HO)
)
(/usr/share/texlive/texmf-dist/tex/generic/kvdefinekeys/kvdefinekeys.sty
Package: kvdefinekeys 2019-12-19 v1.6 Define keys (HO)
)
(/usr/share/texlive/texmf-dist/tex/generic/pdfescape/pdfescape.sty
Package: pdfescape 2019/12/09 v1.15 Implements pdfTeX's escape features (HO)
)
(/usr/share/texlive/texmf-dist/tex/latex/hycolor/hycolor.sty
Package: hycolor 2020-01-27 v1.10 Color options for hyperref/bookmark (HO)
)
(/usr/share/texlive/texmf-dist/tex/latex/letltxmacro/letltxmacro.sty
Package: letltxmacro 2019/12/03 v1.6 Let assignment for LaTeX macros (HO)
)
(/usr/share/texlive/texmf-dist/tex/latex/auxhook/auxhook.sty
Package: auxhook 2019-12-17 v1.6 Hooks for auxiliary files (HO)
)
(/usr/share/texlive/texmf-dist/tex/latex/kvoptions/kvoptions.sty
Package: kvoptions 2019/11/29 v3.13 Key value format for package options (HO)
)
\@linkdim=\dimen145
\Hy@linkcounter=\count189
\Hy@pagecounter=\count190

(/usr/share/texlive/texmf-dist/tex/latex/hyperref/pd1enc.def
File: pd1enc.def 2020/01/14 v7.00d Hyperref: PDFDocEncoding definition (HO)
Now handling font encoding PD1 ...
... no UTF-8 mapping file for font encoding PD1
)
(/usr/share/texlive/texmf-dist/tex/generic/intcalc/intcalc.sty
Package: intcalc 2019/12/15 v1.3 Expandable calculations with integers (HO)
)
(/usr/share/texlive/texmf-dist/tex/generic/etexcmds/etexcmds.sty
Package: etexcmds 2019/12/15 v1.7 Avoid name clashes with e-TeX commands (HO)
)
\Hy@SavedSpaceFactor=\count191
\pdfmajorversion=\count192
Package hyperref Info: Hyper figures OFF on input line 4547.
Package hyperref Info: Link nesting OFF on input line 4552.
Package hyperref Info: Hyper index ON on input line 4555.
Package hyperref Info: Plain pages OFF on input line 4562.
Package hyperref Info: Backreferencing OFF on input line 4567.
Package hyperref Info: Implicit mode ON; LaTeX internals redefined.
Package hyperref Info: Bookmarks ON on input line 4800.
\c@Hy@tempcnt=\count193

(/usr/share/texlive/texmf-dist/tex/latex/url/url.sty
\Urlmuskip=\muskip17
Package: url 2013/09/16  ver 3.4  Verb mode for urls, etc.
)
LaTeX Info: Redefining \url on input line 5159.
\XeTeXLinkMargin=\dimen146

(/usr/share/texlive/texmf-dist/tex/generic/bitset/bitset.sty
Package: bitset 2019/12/09 v1.3 Handle bit-vector datatype (HO)

(/usr/share/texlive/texmf-dist/tex/generic/bigintcalc/bigintcalc.sty
Package: bigintcalc 2019/12/15 v1.5 Expandable calculations on big integers (HO
)
))
\Fld@menulength=\count194
\Field@Width=\dimen147
\Fld@charsize=\dimen148
Package hyperref Info: Hyper figures OFF on input line 6430.
Package hyperref Info: Link nesting OFF on input line 6435.
Package hyperref Info: Hyper index ON on input line 6438.
Package hyperref Info: backreferencing OFF on input line 6445.
Package hyperref Info: Link coloring OFF on input line 6450.
Package hyperref Info: Link coloring with OCG OFF on input line 6455.
Package hyperref Info: PDF/A mode OFF on input line 6460.
LaTeX Info: Redefining \ref on input line 6500.
LaTeX Info: Redefining \pageref on input line 6504.

(/usr/share/texlive/texmf-dist/tex/generic/atbegshi/atbegshi.sty
Package: atbegshi 2019/12/05 v1.19 At begin shipout hook (HO)
)
\Hy@abspage=\count195
\c@Item=\count196
\c@Hfootnote=\count197
)
Package hyperref Info: Driver (autodetected): hpdftex.

(/usr/share/texlive/texmf-dist/tex/latex/hyperref/hpdftex.def
File: hpdftex.def 2020/01/14 v7.00d Hyperref driver for pdfTeX

(/usr/share/texlive/texmf-dist/tex/latex/atveryend/atveryend.sty
Package: atveryend 2019-12-11 v1.11 Hooks at the very end of document (HO)
Package atveryend Info: \enddocument detected (standard20110627).
)
\Fld@listcount=\count198
\c@bookmark@seq@number=\count199

(/usr/share/texlive/texmf-dist/tex/latex/rerunfilecheck/rerunfilecheck.sty
Package: rerunfilecheck 2019/12/05 v1.9 Rerun checks for auxiliary files (HO)

(/usr/share/texlive/texmf-dist/tex/generic/uniquecounter/uniquecounter.sty
Package: uniquecounter 2019/12/15 v1.4 Provide unlimited unique counter (HO)
)
Package uniquecounter Info: New unique counter `rerunfilecheck' on input line 2
86.
)
\Hy@SectionHShift=\skip55
)
(/usr/share/texlive/texmf-dist/tex/latex/graphics/graphicx.sty
Package: graphicx 2019/11/30 v1.2a Enhanced LaTeX Graphics (DPC,SPQR)

(/usr/share/texlive/texmf-dist/tex/latex/graphics/graphics.sty
Package: graphics 2019/11/30 v1.4a Standard LaTeX Graphics (DPC,SPQR)

(/usr/share/texlive/texmf-dist/tex/latex/graphics/trig.sty
Package: trig 2016/01/03 v1.10 sin cos tan (DPC)
)
(/usr/share/texlive/texmf-dist/tex/latex/graphics-cfg/graphics.cfg
File: graphics.cfg 2016/06/04 v1.11 sample graphics configuration
)
Package graphics Info: Driver file: pdftex.def on input line 105.

(/usr/share/texlive/texmf-dist/tex/latex/graphics-def/pdftex.def
File: pdftex.def 2018/01/08 v1.0l Graphics/color driver for pdftex
))
\Gin@req@height=\dimen149
\Gin@req@width=\dimen150
)
(/usr/share/texlive/texmf-dist/tex/latex/caption/subcaption.sty
Package: subcaption 2020/01/22 v1.3d Sub-captions (AR)

(/usr/share/texlive/texmf-dist/tex/latex/caption/caption.sty
Package: caption 2020/01/03 v3.4h Customizing captions (AR)

(/usr/share/texlive/texmf-dist/tex/latex/caption/caption3.sty
Package: caption3 2020/01/03 v1.8h caption3 kernel (AR)
Package caption3 Info: TeX engine: e-TeX on input line 61.
\captionmargin=\dimen151
\captionmargin@=\dimen152
\captionwidth=\dimen153
\caption@tempdima=\dimen154
\caption@indent=\dimen155
\caption@parindent=\dimen156
\caption@hangindent=\dimen157
Package caption Info: Standard document class detected.
)
\c@caption@flags=\count266
\c@continuedfloat=\count267
Package caption Info: hyperref package is loaded.
)
\c@subfigure=\count268
\c@subtable=\count269
)
(/usr/share/texlive/texmf-dist/tex/latex/xcolor/xcolor.sty
Package: xcolor 2016/05/11 v2.12 LaTeX color extensions (UK)

(/usr/share/texlive/texmf-dist/tex/latex/graphics-cfg/color.cfg
File: color.cfg 2016/01/02 v1.6 sample color configuration
)
Package xcolor Info: Driver file: pdftex.def on input line 225.
Package xcolor Info: Model `cmy' substituted by `cmy0' on input line 1348.
Package xcolor Info: Model `hsb' substituted by `rgb' on input line 1352.
Package xcolor Info: Model `RGB' extended on input line 1364.
Package xcolor Info: Model `HTML' substituted by `rgb' on input line 1366.
Package xcolor Info: Model `Hsb' substituted by `hsb' on input line 1367.
Package xcolor Info: Model `tHsb' substituted by `hsb' on input line 1368.
Package xcolor Info: Model `HSB' substituted by `hsb' on input line 1369.
Package xcolor Info: Model `Gray' substituted by `gray' on input line 1370.
Package xcolor Info: Model `wave' substituted by `hsb' on input line 1371.
)
(/usr/share/texlive/texmf-dist/tex/latex/algorithms/algorithm.sty
Package: algorithm 2009/08/24 v0.1 Document Style `algorithm' - floating enviro
nment

(/usr/share/texlive/texmf-dist/tex/latex/float/float.sty
Package: float 2001/11/08 v1.3d Float enhancements (AL)
\c@float@type=\count270
\float@exts=\toks28
\float@box=\box47
\@float@everytoks=\toks29
\@floatcapt=\box48
)
(/usr/share/texlive/texmf-dist/tex/latex/base/ifthen.sty
Package: ifthen 2014/09/29 v1.1c Standard LaTeX ifthen package (DPC)
)
\@float@every@algorithm=\toks30
\c@algorithm=\count271
)
(/usr/share/texlive/texmf-dist/tex/latex/algorithmicx/algpseudocode.sty
Package: algpseudocode 

(/usr/share/texlive/texmf-dist/tex/latex/algorithmicx/algorithmicx.sty
Package: algorithmicx 2005/04/27 v1.2 Algorithmicx

Document Style algorithmicx 1.2 - a greatly improved `algorithmic' style
\c@ALG@line=\count272
\c@ALG@rem=\count273
\c@ALG@nested=\count274
\ALG@tlm=\skip56
\ALG@thistlm=\skip57
\c@ALG@Lnr=\count275
\c@ALG@blocknr=\count276
\c@ALG@storecount=\count277
\c@ALG@tmpcounter=\count278
\ALG@tmplength=\skip58
)
Document Style - pseudocode environments for use with the `algorithmicx' style
) (/usr/share/texlive/texmf-dist/tex/latex/parskip/parskip.sty
Package: parskip 2020-01-22 v2.0d non-zero parskip adjustments

(/usr/share/texlive/texmf-dist/tex/latex/etoolbox/etoolbox.sty
Package: etoolbox 2019/09/21 v2.5h e-TeX tools for LaTeX (JAW)
\etb@tempcnta=\count279
))
\c@thm=\count280
\c@proposition=\count281
\c@lemma=\count282
\c@example=\count283
\c@definition=\count284

(/usr/share/texlive/texmf-dist/tex/latex/l3backend/l3backend-pdfmode.def
File: l3backend-pdfmode.def 2020-02-03 L3 backend support: PDF mode
\l__kernel_color_stack_int=\count285
\l__pdf_internal_box=\box49
)
(./thesis.aux

LaTeX Warning: Label `fig:swapping-tempo-spatial' multiply defined.

)
\openout1 = `thesis.aux'.

LaTeX Font Info:    Checking defaults for OML/cmm/m/it on input line 63.
LaTeX Font Info:    ... okay on input line 63.
LaTeX Font Info:    Checking defaults for OMS/cmsy/m/n on input line 63.
LaTeX Font Info:    ... okay on input line 63.
LaTeX Font Info:    Checking defaults for OT1/cmr/m/n on input line 63.
LaTeX Font Info:    ... okay on input line 63.
LaTeX Font Info:    Checking defaults for T1/cmr/m/n on input line 63.
LaTeX Font Info:    ... okay on input line 63.
LaTeX Font Info:    Checking defaults for TS1/cmr/m/n on input line 63.
LaTeX Font Info:    ... okay on input line 63.
LaTeX Font Info:    Checking defaults for OMX/cmex/m/n on input line 63.
LaTeX Font Info:    ... okay on input line 63.
LaTeX Font Info:    Checking defaults for U/cmr/m/n on input line 63.
LaTeX Font Info:    ... okay on input line 63.
LaTeX Font Info:    Checking defaults for PD1/pdf/m/n on input line 63.
LaTeX Font Info:    ... okay on input line 63.
\AtBeginShipoutBox=\box50
Package hyperref Info: Link coloring OFF on input line 63.
 (/usr/share/texlive/texmf-dist/tex/latex/hyperref/nameref.sty
Package: nameref 2019/09/16 v2.46 Cross-referencing by name of section

(/usr/share/texlive/texmf-dist/tex/latex/refcount/refcount.sty
Package: refcount 2019/12/15 v3.6 Data extraction from label references (HO)
)
(/usr/share/texlive/texmf-dist/tex/generic/gettitlestring/gettitlestring.sty
Package: gettitlestring 2019/12/15 v1.6 Cleanup title references (HO)
)
\c@section@level=\count286
)
LaTeX Info: Redefining \ref on input line 63.
LaTeX Info: Redefining \pageref on input line 63.
LaTeX Info: Redefining \nameref on input line 63.

(./thesis.out) (./thesis.out)
\@outlinefile=\write3
\openout3 = `thesis.out'.


(/usr/share/texlive/texmf-dist/tex/context/base/mkii/supp-pdf.mkii
[Loading MPS to PDF converter (version 2006.09.02).]
\scratchcounter=\count287
\scratchdimen=\dimen158
\scratchbox=\box51
\nofMPsegments=\count288
\nofMParguments=\count289
\everyMPshowfont=\toks31
\MPscratchCnt=\count290
\MPscratchDim=\dimen159
\MPnumerator=\count291
\makeMPintoPDFobject=\count292
\everyMPtoPDFconversion=\toks32
) (/usr/share/texlive/texmf-dist/tex/latex/epstopdf-pkg/epstopdf-base.sty
Package: epstopdf-base 2020-01-24 v2.11 Base part for package epstopdf
Package epstopdf-base Info: Redefining graphics rule for `.eps' on input line 4
85.

(/usr/share/texlive/texmf-dist/tex/latex/latexconfig/epstopdf-sys.cfg
File: epstopdf-sys.cfg 2010/07/13 v1.3 Configuration of (r)epstopdf for TeX Liv
e
))
Package caption Info: Begin \AtBeginDocument code.
Package caption Info: float package is loaded.
Package caption Info: End \AtBeginDocument code.
LaTeX Font Info:    Trying to load font information for U+msa on input line 65.


(/usr/share/texlive/texmf-dist/tex/latex/amsfonts/umsa.fd
File: umsa.fd 2013/01/14 v3.01 AMS symbols A
)
LaTeX Font Info:    Trying to load font information for U+msb on input line 65.


(/usr/share/texlive/texmf-dist/tex/latex/amsfonts/umsb.fd
File: umsb.fd 2013/01/14 v3.01 AMS symbols B
) (./thesis.toc)
\tf@toc=\write4
\openout4 = `thesis.toc'.


[1

{/var/lib/texmf/fonts/map/pdftex/updmap/pdftex.map}] [2] [3] [4]
<figures/trajectory-uppsala.png, id=132, 1176.395pt x 1453.43pt>
File: figures/trajectory-uppsala.png Graphic file (type png)
<use figures/trajectory-uppsala.png>
Package pdftex.def Info: figures/trajectory-uppsala.png  used on input line 213
.
(pdftex.def)             Requested size: 175.49881pt x 216.80751pt.
<figures/trajectory_tempospatial.pdf, id=133, 289.08pt x 289.08pt>
File: figures/trajectory_tempospatial.pdf Graphic file (type pdf)
<use figures/trajectory_tempospatial.pdf>
Package pdftex.def Info: figures/trajectory_tempospatial.pdf  used on input lin
e 220.
(pdftex.def)             Requested size: 175.49881pt x 175.49603pt.
 [5 <./figures/trajectory-uppsala.png (PNG copy)> <./figures/trajectory_temposp
atial.pdf>]
<figures/cotrajectory-taxi.png, id=164, 657.45625pt x 584.1825pt>
File: figures/cotrajectory-taxi.png Graphic file (type png)
<use figures/cotrajectory-taxi.png>
Package pdftex.def Info: figures/cotrajectory-taxi.png  used on input line 249.

(pdftex.def)             Requested size: 191.10214pt x 169.8008pt.
<figures/cotrajectory_tempospatial.pdf, id=165, 289.08pt x 289.08pt>
File: figures/cotrajectory_tempospatial.pdf Graphic file (type pdf)
<use figures/cotrajectory_tempospatial.pdf>
Package pdftex.def Info: figures/cotrajectory_tempospatial.pdf  used on input l
ine 255.
(pdftex.def)             Requested size: 191.10214pt x 191.10214pt.

Underfull \hbox (badness 2884) in paragraph at lines 257--257
[]\OT1/cmr/m/n/10.95 (b) |A co-trajectory with $\U/msb/m/n/10.95 L \OT1/cmr/m/n
/10.95 = \U/msb/m/n/10.95 R$
 []

[6 <./figures/cotrajectory-taxi.png> <./figures/cotrajectory_tempospatial.pdf>]
[7] [8]
<figures/swapping_spatial-a.pdf, id=242, 289.08pt x 289.08pt>
File: figures/swapping_spatial-a.pdf Graphic file (type pdf)
<use figures/swapping_spatial-a.pdf>
Package pdftex.def Info: figures/swapping_spatial-a.pdf  used on input line 436
.
(pdftex.def)             Requested size: 155.99762pt x 155.995pt.
<figures/swapping_spatial-b.pdf, id=243, 289.08pt x 289.08pt>
File: figures/swapping_spatial-b.pdf Graphic file (type pdf)
<use figures/swapping_spatial-b.pdf>
Package pdftex.def Info: figures/swapping_spatial-b.pdf  used on input line 440
.
(pdftex.def)             Requested size: 155.99762pt x 155.995pt.
<figures/swapping_tempospatial-a.pdf, id=244, 289.08pt x 289.08pt>
File: figures/swapping_tempospatial-a.pdf Graphic file (type pdf)
<use figures/swapping_tempospatial-a.pdf>
Package pdftex.def Info: figures/swapping_tempospatial-a.pdf  used on input lin
e 452.
(pdftex.def)             Requested size: 155.99762pt x 155.995pt.
<figures/swapping_tempospatial-b.pdf, id=245, 289.08pt x 289.08pt>
File: figures/swapping_tempospatial-b.pdf Graphic file (type pdf)
<use figures/swapping_tempospatial-b.pdf>
Package pdftex.def Info: figures/swapping_tempospatial-b.pdf  used on input lin
e 456.
(pdftex.def)             Requested size: 155.99762pt x 155.995pt.
 [9] [10 <./figures/swapping_spatial-a.pdf> <./figures/swapping_spatial-b.pdf

pdfTeX warning: pdflatex (file ./figures/swapping_spatial-b.pdf): PDF inclusion
: multiple pdfs with page group included in a single page
> <./figures/swapping_tempospatial-a.pdf

pdfTeX warning: pdflatex (file ./figures/swapping_tempospatial-a.pdf): PDF incl
usion: multiple pdfs with page group included in a single page
> <./figures/swapping_tempospatial-b.pdf

pdfTeX warning: pdflatex (file ./figures/swapping_tempospatial-b.pdf): PDF incl
usion: multiple pdfs with page group included in a single page
>] [11]
<figures/similar.pdf, id=328, 578.16pt x 289.08pt>
File: figures/similar.pdf Graphic file (type pdf)
<use figures/similar.pdf>
Package pdftex.def Info: figures/similar.pdf  used on input line 524.
(pdftex.def)             Requested size: 341.43306pt x 170.71451pt.
<figures/jumps-1a.pdf, id=330, 289.08pt x 289.08pt>
File: figures/jumps-1a.pdf Graphic file (type pdf)
<use figures/jumps-1a.pdf>
Package pdftex.def Info: figures/jumps-1a.pdf  used on input line 549.
(pdftex.def)             Requested size: 170.71652pt x 170.71451pt.
<figures/jumps-1b.pdf, id=331, 289.08pt x 289.08pt>
File: figures/jumps-1b.pdf Graphic file (type pdf)
<use figures/jumps-1b.pdf>
Package pdftex.def Info: figures/jumps-1b.pdf  used on input line 554.
(pdftex.def)             Requested size: 170.71652pt x 170.71451pt.
<figures/jumps-2a.pdf, id=332, 289.08pt x 289.08pt>
File: figures/jumps-2a.pdf Graphic file (type pdf)
<use figures/jumps-2a.pdf>
Package pdftex.def Info: figures/jumps-2a.pdf  used on input line 560.
(pdftex.def)             Requested size: 175.49881pt x 175.49603pt.
<figures/jumps-2b.pdf, id=333, 289.08pt x 289.08pt>
File: figures/jumps-2b.pdf Graphic file (type pdf)
<use figures/jumps-2b.pdf>
Package pdftex.def Info: figures/jumps-2b.pdf  used on input line 565.
(pdftex.def)             Requested size: 175.49881pt x 175.49603pt.
 [12 <./figures/similar.pdf>] [13 <./figures/jumps-1a.pdf> <./figures/jumps-1b.
pdf

pdfTeX warning: pdflatex (file ./figures/jumps-1b.pdf): PDF inclusion: multiple
 pdfs with page group included in a single page
> <./figures/jumps-2a.pdf

pdfTeX warning: pdflatex (file ./figures/jumps-2a.pdf): PDF inclusion: multiple
 pdfs with page group included in a single page
> <./figures/jumps-2b.pdf

pdfTeX warning: pdflatex (file ./figures/jumps-2b.pdf): PDF inclusion: multiple
 pdfs with page group included in a single page
>] [14]
<figures/swaporder-a.pdf, id=485, 289.08pt x 289.08pt>
File: figures/swaporder-a.pdf Graphic file (type pdf)
<use figures/swaporder-a.pdf>
Package pdftex.def Info: figures/swaporder-a.pdf  used on input line 690.
(pdftex.def)             Requested size: 170.71652pt x 170.71451pt.
<figures/swaporder-b.pdf, id=486, 289.08pt x 289.08pt>
File: figures/swaporder-b.pdf Graphic file (type pdf)
<use figures/swaporder-b.pdf>
Package pdftex.def Info: figures/swaporder-b.pdf  used on input line 695.
(pdftex.def)             Requested size: 170.71652pt x 170.71451pt.
<figures/swaporder-c.pdf, id=487, 289.08pt x 289.08pt>
File: figures/swaporder-c.pdf Graphic file (type pdf)
<use figures/swaporder-c.pdf>
Package pdftex.def Info: figures/swaporder-c.pdf  used on input line 701.
(pdftex.def)             Requested size: 175.49881pt x 175.49603pt.
<figures/swaporder-d.pdf, id=488, 289.08pt x 289.08pt>
File: figures/swaporder-d.pdf Graphic file (type pdf)
<use figures/swaporder-d.pdf>
Package pdftex.def Info: figures/swaporder-d.pdf  used on input line 707.
(pdftex.def)             Requested size: 175.49881pt x 175.49603pt.
 [15] [16 <./figures/swaporder-a.pdf> <./figures/swaporder-b.pdf

pdfTeX warning: pdflatex (file ./figures/swaporder-b.pdf): PDF inclusion: multi
ple pdfs with page group included in a single page
> <./figures/swaporder-c.pdf

pdfTeX warning: pdflatex (file ./figures/swaporder-c.pdf): PDF inclusion: multi
ple pdfs with page group included in a single page
> <./figures/swaporder-d.pdf

pdfTeX warning: pdflatex (file ./figures/swaporder-d.pdf): PDF inclusion: multi
ple pdfs with page group included in a single page
>] [17] [18]
<figures/swaporder_counterexample-a.pdf, id=631, 289.08pt x 289.08pt>
File: figures/swaporder_counterexample-a.pdf Graphic file (type pdf)
<use figures/swaporder_counterexample-a.pdf>
Package pdftex.def Info: figures/swaporder_counterexample-a.pdf  used on input 
line 925.
(pdftex.def)             Requested size: 170.71652pt x 170.71451pt.
<figures/swaporder_counterexample-b.pdf, id=632, 289.08pt x 289.08pt>
File: figures/swaporder_counterexample-b.pdf Graphic file (type pdf)
<use figures/swaporder_counterexample-b.pdf>
Package pdftex.def Info: figures/swaporder_counterexample-b.pdf  used on input 
line 931.
(pdftex.def)             Requested size: 170.71652pt x 170.71451pt.
<figures/swaporder_counterexample-c.pdf, id=633, 289.08pt x 289.08pt>
File: figures/swaporder_counterexample-c.pdf Graphic file (type pdf)
<use figures/swaporder_counterexample-c.pdf>
Package pdftex.def Info: figures/swaporder_counterexample-c.pdf  used on input 
line 936.
(pdftex.def)             Requested size: 175.49881pt x 175.49603pt.
 [19] [20 <./figures/swaporder_counterexample-a.pdf> <./figures/swaporder_count
erexample-b.pdf

pdfTeX warning: pdflatex (file ./figures/swaporder_counterexample-b.pdf): PDF i
nclusion: multiple pdfs with page group included in a single page
> <./figures/swaporder_counterexample-c.pdf

pdfTeX warning: pdflatex (file ./figures/swaporder_counterexample-c.pdf): PDF i
nclusion: multiple pdfs with page group included in a single page
>] [21]
Package hyperref Info: bookmark level for unknown algorithm defaults to 0 on in
put line 1034.
 [22] [23] [24] [25]
<figures/graph_swap-a.pdf, id=762, 289.08pt x 289.08pt>
File: figures/graph_swap-a.pdf Graphic file (type pdf)
<use figures/graph_swap-a.pdf>
Package pdftex.def Info: figures/graph_swap-a.pdf  used on input line 1245.
(pdftex.def)             Requested size: 117.00119pt x 116.99734pt.

Underfull \hbox (badness 10000) in paragraph at lines 1246--1246
[]\OT1/cmr/m/n/10.95 (a) |Orig-i-nal co-
 []

<figures/graph_swap-b.pdf, id=763, 289.08pt x 289.08pt>
File: figures/graph_swap-b.pdf Graphic file (type pdf)
<use figures/graph_swap-b.pdf>
Package pdftex.def Info: figures/graph_swap-b.pdf  used on input line 1250.
(pdftex.def)             Requested size: 117.00119pt x 116.99734pt.

Underfull \hbox (badness 1184) in paragraph at lines 1251--1251
[]\OT1/cmr/m/n/10.95 (b) |Co-trajectory af-ter
 []

<figures/graph_swap-c.pdf, id=764, 289.08pt x 289.08pt>
File: figures/graph_swap-c.pdf Graphic file (type pdf)
<use figures/graph_swap-c.pdf>
Package pdftex.def Info: figures/graph_swap-c.pdf  used on input line 1255.
(pdftex.def)             Requested size: 117.00119pt x 116.99734pt.

Underfull \hbox (badness 2359) in paragraph at lines 1256--1256
[]\OT1/cmr/m/n/10.95 (c) |Co-trajectory with
 []

<figures/graph_swap_full-a.pdf, id=767, 289.08pt x 289.08pt>
File: figures/graph_swap_full-a.pdf Graphic file (type pdf)
<use figures/graph_swap_full-a.pdf>
Package pdftex.def Info: figures/graph_swap_full-a.pdf  used on input line 1283
.
(pdftex.def)             Requested size: 175.49881pt x 175.49603pt.
<figures/graph_swap_full-b.pdf, id=768, 289.08pt x 289.08pt>
File: figures/graph_swap_full-b.pdf Graphic file (type pdf)
<use figures/graph_swap_full-b.pdf>
Package pdftex.def Info: figures/graph_swap_full-b.pdf  used on input line 1288
.
(pdftex.def)             Requested size: 175.49881pt x 175.49603pt.
[26 <./figures/graph_swap-a.pdf> <./figures/graph_swap-b.pdf

pdfTeX warning: pdflatex (file ./figures/graph_swap-b.pdf): PDF inclusion: mult
iple pdfs with page group included in a single page
> <./figures/graph_swap-c.pdf

pdfTeX warning: pdflatex (file ./figures/graph_swap-c.pdf): PDF inclusion: mult
iple pdfs with page group included in a single page
>] [27 <./figures/graph_swap_full-a.pdf> <./figures/graph_swap_full-b.pdf

pdfTeX warning: pdflatex (file ./figures/graph_swap_full-b.pdf): PDF inclusion:
 multiple pdfs with page group included in a single page
>]
<figures/graph_swap_full-c.pdf, id=906, 289.08pt x 289.08pt>
File: figures/graph_swap_full-c.pdf Graphic file (type pdf)
<use figures/graph_swap_full-c.pdf>
Package pdftex.def Info: figures/graph_swap_full-c.pdf  used on input line 1336
.
(pdftex.def)             Requested size: 170.71652pt x 170.71451pt.
 [28 <./figures/graph_swap_full-c.pdf>] [29]
<figures/uturn-a.pdf, id=958, 289.08pt x 289.08pt>
File: figures/uturn-a.pdf Graphic file (type pdf)
<use figures/uturn-a.pdf>
Package pdftex.def Info: figures/uturn-a.pdf  used on input line 1448.
(pdftex.def)             Requested size: 117.00119pt x 116.99734pt.
<figures/uturn-b.pdf, id=959, 289.08pt x 289.08pt>
File: figures/uturn-b.pdf Graphic file (type pdf)
<use figures/uturn-b.pdf>
Package pdftex.def Info: figures/uturn-b.pdf  used on input line 1453.
(pdftex.def)             Requested size: 117.00119pt x 116.99734pt.
<figures/uturn-c.pdf, id=960, 289.08pt x 289.08pt>
File: figures/uturn-c.pdf Graphic file (type pdf)
<use figures/uturn-c.pdf>
Package pdftex.def Info: figures/uturn-c.pdf  used on input line 1458.
(pdftex.def)             Requested size: 117.00119pt x 116.99734pt.
 [30]
<figures/cotrajectory_example-a.pdf, id=973, 578.16pt x 578.16pt>
File: figures/cotrajectory_example-a.pdf Graphic file (type pdf)
<use figures/cotrajectory_example-a.pdf>
Package pdftex.def Info: figures/cotrajectory_example-a.pdf  used on input line
 1494.
(pdftex.def)             Requested size: 191.10214pt x 191.10216pt.
<figures/cotrajectory_example-b.pdf, id=974, 578.16pt x 578.16pt>
File: figures/cotrajectory_example-b.pdf Graphic file (type pdf)
<use figures/cotrajectory_example-b.pdf>
Package pdftex.def Info: figures/cotrajectory_example-b.pdf  used on input line
 1499.
(pdftex.def)             Requested size: 191.10214pt x 191.10216pt.
<figures/cotrajectory_example-c.pdf, id=975, 578.16pt x 578.16pt>
File: figures/cotrajectory_example-c.pdf Graphic file (type pdf)
<use figures/cotrajectory_example-c.pdf>
Package pdftex.def Info: figures/cotrajectory_example-c.pdf  used on input line
 1510.
(pdftex.def)             Requested size: 191.10214pt x 191.10216pt.
<figures/cotrajectory_example-d.pdf, id=978, 578.16pt x 578.16pt>
File: figures/cotrajectory_example-d.pdf Graphic file (type pdf)
<use figures/cotrajectory_example-d.pdf>
Package pdftex.def Info: figures/cotrajectory_example-d.pdf  used on input line
 1516.
(pdftex.def)             Requested size: 191.10214pt x 191.10216pt.
 [31 <./figures/uturn-a.pdf> <./figures/uturn-b.pdf

pdfTeX warning: pdflatex (file ./figures/uturn-b.pdf): PDF inclusion: multiple 
pdfs with page group included in a single page
> <./figures/uturn-c.pdf

pdfTeX warning: pdflatex (file ./figures/uturn-c.pdf): PDF inclusion: multiple 
pdfs with page group included in a single page
>]
<figures/numpaths_measurements.pdf, id=1059, 433.62pt x 289.08pt>
File: figures/numpaths_measurements.pdf Graphic file (type pdf)
<use figures/numpaths_measurements.pdf>
Package pdftex.def Info: figures/numpaths_measurements.pdf  used on input line 
1573.
(pdftex.def)             Requested size: 195.0pt x 130.00098pt.
 [32 <./figures/cotrajectory_example-a.pdf> <./figures/cotrajectory_example-b.p
df

pdfTeX warning: pdflatex (file ./figures/cotrajectory_example-b.pdf): PDF inclu
sion: multiple pdfs with page group included in a single page
>] [33 <./figures/cotrajectory_example-c.pdf> <./figures/cotrajectory_example-d
.pdf

pdfTeX warning: pdflatex (file ./figures/cotrajectory_example-d.pdf): PDF inclu
sion: multiple pdfs with page group included in a single page
> <./figures/numpaths_measurements.pdf

pdfTeX warning: pdflatex (file ./figures/numpaths_measurements.pdf): PDF inclus
ion: multiple pdfs with page group included in a single page
>]
<figures/numswaps-a.pdf, id=1237, 433.62pt x 289.08pt>
File: figures/numswaps-a.pdf Graphic file (type pdf)
<use figures/numswaps-a.pdf>
Package pdftex.def Info: figures/numswaps-a.pdf  used on input line 1642.
(pdftex.def)             Requested size: 191.10214pt x 127.4029pt.
<figures/numswaps-b.pdf, id=1238, 433.62pt x 289.08pt>
File: figures/numswaps-b.pdf Graphic file (type pdf)
<use figures/numswaps-b.pdf>
Package pdftex.def Info: figures/numswaps-b.pdf  used on input line 1649.
(pdftex.def)             Requested size: 191.10214pt x 127.4029pt.
 [34] [35 <./figures/numswaps-a.pdf> <./figures/numswaps-b.pdf

pdfTeX warning: pdflatex (file ./figures/numswaps-b.pdf): PDF inclusion: multip
le pdfs with page group included in a single page
>]
<figures/numpaths_measurements_cumulative.pdf, id=1316, 289.08pt x 289.08pt>
File: figures/numpaths_measurements_cumulative.pdf Graphic file (type pdf)
<use figures/numpaths_measurements_cumulative.pdf>
Package pdftex.def Info: figures/numpaths_measurements_cumulative.pdf  used on 
input line 1695.
(pdftex.def)             Requested size: 191.10214pt x 191.10214pt.
<figures/numpaths_startend_cumulative.pdf, id=1317, 289.08pt x 289.08pt>
File: figures/numpaths_startend_cumulative.pdf Graphic file (type pdf)
<use figures/numpaths_startend_cumulative.pdf>
Package pdftex.def Info: figures/numpaths_startend_cumulative.pdf  used on inpu
t line 1701.
(pdftex.def)             Requested size: 191.10214pt x 191.10214pt.


LaTeX Warning: Reference `fig:paths-cumulative-3' on page 36 undefined on input
 line 1734.

[36 <./figures/numpaths_measurements_cumulative.pdf> <./figures/numpaths_starte
nd_cumulative.pdf

pdfTeX warning: pdflatex (file ./figures/numpaths_startend_cumulative.pdf): PDF
 inclusion: multiple pdfs with page group included in a single page
>]
<figures/numpaths_nmeasurements_cumulative.pdf, id=1415, 289.08pt x 289.08pt>
File: figures/numpaths_nmeasurements_cumulative.pdf Graphic file (type pdf)
<use figures/numpaths_nmeasurements_cumulative.pdf>
Package pdftex.def Info: figures/numpaths_nmeasurements_cumulative.pdf  used on
 input line 1741.
(pdftex.def)             Requested size: 195.0pt x 194.99706pt.
 [37 <./figures/numpaths_nmeasurements_cumulative.pdf>]
<figures/swapping_tempospatial_grid-a.pdf, id=1469, 433.62pt x 289.08pt>
File: figures/swapping_tempospatial_grid-a.pdf Graphic file (type pdf)
<use figures/swapping_tempospatial_grid-a.pdf>
Package pdftex.def Info: figures/swapping_tempospatial_grid-a.pdf  used on inpu
t line 1791.
(pdftex.def)             Requested size: 191.10214pt x 127.4029pt.
<figures/swapping_tempospatial_grid-b.pdf, id=1470, 433.62pt x 289.08pt>
File: figures/swapping_tempospatial_grid-b.pdf Graphic file (type pdf)
<use figures/swapping_tempospatial_grid-b.pdf>
Package pdftex.def Info: figures/swapping_tempospatial_grid-b.pdf  used on inpu
t line 1797.
(pdftex.def)             Requested size: 191.10214pt x 127.4029pt.
 [38 <./figures/swapping_tempospatial_grid-a.pdf> <./figures/swapping_tempospat
ial_grid-b.pdf

pdfTeX warning: pdflatex (file ./figures/swapping_tempospatial_grid-b.pdf): PDF
 inclusion: multiple pdfs with page group included in a single page
>] [39]
Overfull \hbox (21.36955pt too wide) in paragraph at lines 1906--1908
[]\OT1/cmr/m/n/12 It jumps in-finitely many times in a fi-nite in-ter-val, in w
hich case $[][] \OML/cmm/m/it/12 J[] \OT1/cmr/m/n/12 =
 []

[40] [41] [42] [43] [44] (./thesis.bbl [45]
Underfull \hbox (badness 2005) in paragraph at lines 24--30
[]\OT1/cmr/m/n/12 S^^Sebastien Gambs, Marc-Olivier Kil-li-jian, and Miguel N^^S
u~nez del
 []

[46]
Underfull \hbox (badness 4739) in paragraph at lines 96--102
[]\OT1/cmr/m/n/12 Nikos Pelekis, Aris Gkoulalas-Divanis, Mar-ios Vo-das, De-spi
na
 []


Underfull \hbox (badness 2005) in paragraph at lines 141--146
[]\OT1/cmr/m/n/12 S^^Sebastien Gambs, Marc-Olivier Kil-li-jian, and Miguel N^^S
u~nez del
 []

[47])
Package atveryend Info: Empty hook `BeforeClearDocument' on input line 2128.
 [48]
Package atveryend Info: Empty hook `AfterLastShipout' on input line 2128.
 (./thesis.aux)
Package atveryend Info: Executing hook `AtVeryEndDocument' on input line 2128.
Package atveryend Info: Executing hook `AtEndAfterFileList' on input line 2128.

Package rerunfilecheck Info: File `thesis.out' has not changed.
(rerunfilecheck)             Checksum: 339A24963AC30A831D1D04329575ABBC;1213.


LaTeX Warning: There were undefined references.


LaTeX Warning: There were multiply-defined labels.

Package atveryend Info: Empty hook `AtVeryVeryEnd' on input line 2128.
 ) 
Here is how much of TeX's memory you used:
 10110 strings out of 481239
 154884 string characters out of 5920377
 438916 words of memory out of 5000000
 25021 multiletter control sequences out of 15000+600000
 544572 words of font info for 70 fonts, out of 8000000 for 9000
 1141 hyphenation exceptions out of 8191
 48i,15n,46p,909b,518s stack positions out of 5000i,500n,10000p,200000b,80000s
pdfTeX warning (dest): name{algorithm.3} has been referenced but does not exi
st, replaced by a fixed one

</usr/share/texlive/texmf-dist/fonts/type1/public/amsfonts/cm/cmbx10.pfb></usr/
share/texlive/texmf-dist/fonts/type1/public/amsfonts/cm/cmbx12.pfb></usr/share/
texlive/texmf-dist/fonts/type1/public/amsfonts/cm/cmcsc10.pfb></usr/share/texli
ve/texmf-dist/fonts/type1/public/amsfonts/cm/cmex10.pfb></usr/share/texlive/tex
mf-dist/fonts/type1/public/amsfonts/cm/cmmi10.pfb></usr/share/texlive/texmf-dis
t/fonts/type1/public/amsfonts/cm/cmmi12.pfb></usr/share/texlive/texmf-dist/font
s/type1/public/amsfonts/cm/cmmi6.pfb></usr/share/texlive/texmf-dist/fonts/type1
/public/amsfonts/cm/cmmi8.pfb></usr/share/texlive/texmf-dist/fonts/type1/public
/amsfonts/cm/cmr10.pfb></usr/share/texlive/texmf-dist/fonts/type1/public/amsfon
ts/cm/cmr12.pfb></usr/share/texlive/texmf-dist/fonts/type1/public/amsfonts/cm/c
mr17.pfb></usr/share/texlive/texmf-dist/fonts/type1/public/amsfonts/cm/cmr6.pfb
></usr/share/texlive/texmf-dist/fonts/type1/public/amsfonts/cm/cmr8.pfb></usr/s
hare/texlive/texmf-dist/fonts/type1/public/amsfonts/cm/cmsy10.pfb></usr/share/t
exlive/texmf-dist/fonts/type1/public/amsfonts/cm/cmsy6.pfb></usr/share/texlive/
texmf-dist/fonts/type1/public/amsfonts/cm/cmsy8.pfb></usr/share/texlive/texmf-d
ist/fonts/type1/public/amsfonts/cm/cmti10.pfb></usr/share/texlive/texmf-dist/fo
nts/type1/public/amsfonts/cm/cmti12.pfb></usr/share/texlive/texmf-dist/fonts/ty
pe1/public/amsfonts/symbols/msbm10.pfb>
Output written on thesis.pdf (48 pages, 1971233 bytes).
PDF statistics:
 1686 PDF objects out of 1728 (max. 8388607)
 739 compressed objects within 8 object streams
 136 named destinations out of 1000 (max. 500000)
 350 words of extra memory for PDF output out of 10000 (max. 10000000)

